<?xml version="1.0" encoding="UTF-8"?>
<!-- Generated by org.testng.reporters.JUnitReportReporter -->
<testsuite skipped="0" hostname="maapaa" name="com.pom.VerifyValidUser" tests="1" failures="0" timestamp="18 Feb 2019 19:38:44 GMT" time="40.684" errors="0">
  <testcase name="checkValidUser" time="40.684" classname="com.pom.VerifyValidUser"/>
</testsuite> <!-- com.pom.VerifyValidUser -->
